Using pre-set license
Built from '2020.3/staging' branch; Version is '2020.3.6f1 (338bb68529b2) revision 3378102'; Using compiler version '192528614'; Build Type 'Release'
OS: 'Windows 10 Home; OS build 19042.1052; Version 2009; 64bit' Language: 'en' Physical Memory: 16307 MB
BatchMode: 1, IsHumanControllingUs: 0, StartBugReporterOnCrash: 0, Is64bit: 1, IsPro: 0

 COMMAND LINE ARGUMENTS:
C:\Program Files\Unity\Hub\Editor\2020.3.6f1\Editor\Unity.exe
-adb2
-batchMode
-noUpm
-name
AssetImportWorker0
-projectPath
D:/Documents/FINAL AISLE/Unity Workspace/Final Aisle
-logFile
Logs/AssetImportWorker0.log
-srvPort
54933
Successfully changed project path to: D:/Documents/FINAL AISLE/Unity Workspace/Final Aisle
D:/Documents/FINAL AISLE/Unity Workspace/Final Aisle
Using Asset Import Pipeline V2.
Refreshing native plugins compatible for Editor in 65.42 ms, found 0 plugins.
Preloading 0 native plugins for Editor in 0.00 ms.
Initialize engine version: 2020.3.6f1 (338bb68529b2)
[Subsystems] Discovering subsystems at path C:/Program Files/Unity/Hub/Editor/2020.3.6f1/Editor/Data/Resources/UnitySubsystems
[Subsystems] Discovering subsystems at path D:/Documents/FINAL AISLE/Unity Workspace/Final Aisle/Assets
GfxDevice: creating device client; threaded=0
Direct3D:
    Version:  Direct3D 11.0 [level 11.1]
    Renderer: NVIDIA GeForce GTX 1660 Ti (ID=0x2182)
    Vendor:   
    VRAM:     5991 MB
    Driver:   27.21.14.5671
Initialize mono
Mono path[0] = 'C:/Program Files/Unity/Hub/Editor/2020.3.6f1/Editor/Data/Managed'
Mono path[1] = 'C:/Program Files/Unity/Hub/Editor/2020.3.6f1/Editor/Data/MonoBleedingEdge/lib/mono/unityjit'
Mono config path = 'C:/Program Files/Unity/Hub/Editor/2020.3.6f1/Editor/Data/MonoBleedingEdge/etc'
Using monoOptions --debugger-agent=transport=dt_socket,embedding=1,server=y,suspend=n,address=127.0.0.1:56628
Begin MonoManager ReloadAssembly
Registering precompiled unity dll's ...
Register platform support module: C:/Program Files/Unity/Hub/Editor/2020.3.6f1/Editor/Data/PlaybackEngines/MacStandaloneSupport/UnityEditor.OSXStandalone.Extensions.dll
Register platform support module: C:/Program Files/Unity/Hub/Editor/2020.3.6f1/Editor/Data/PlaybackEngines/WindowsStandaloneSupport/UnityEditor.WindowsStandalone.Extensions.dll
Registered in 0.003007 seconds.
Native extension for WindowsStandalone target not found
Native extension for OSXStandalone target not found
Refreshing native plugins compatible for Editor in 65.12 ms, found 0 plugins.
Preloading 0 native plugins for Editor in 0.00 ms.
Mono: successfully reloaded assembly
- Completed reload, in  1.210 seconds
Platform modules already initialized, skipping
Registering precompiled user dll's ...
Registered in 0.001632 seconds.
Begin MonoManager ReloadAssembly
Native extension for WindowsStandalone target not found
Native extension for OSXStandalone target not found
Refreshing native plugins compatible for Editor in 64.89 ms, found 0 plugins.
Preloading 0 native plugins for Editor in 0.00 ms.
Mono: successfully reloaded assembly
- Completed reload, in  1.131 seconds
Platform modules already initialized, skipping
========================================================================
Worker process is ready to serve import requests
Launched and connected shader compiler UnityShaderCompiler.exe after 0.11 seconds
Refreshing native plugins compatible for Editor in 1.20 ms, found 0 plugins.
Preloading 0 native plugins for Editor in 0.00 ms.
Unloading 3513 Unused Serialized files (Serialized files now loaded: 0)
System memory in use before: 173.6 MB.
System memory in use after: 173.8 MB.

Unloading 13 unused Assets to reduce memory usage. Loaded Objects now: 3980.
Total: 3.267900 ms (FindLiveObjects: 0.495600 ms CreateObjectMapping: 0.112200 ms MarkObjects: 2.570700 ms  DeleteObjects: 0.087800 ms)

========================================================================
Received Import Request.
  path: Assets/Scripts/Entities/Player/DirectPlayerController.cs
  artifactKey: Guid(6ea7642695fa95e4ea30f706aa2eb957) Importer(815301076,1909f56bfc062723c751e8b465ee728b)
Start importing Assets/Scripts/Entities/Player/DirectPlayerController.cs using Guid(6ea7642695fa95e4ea30f706aa2eb957) Importer(815301076,1909f56bfc062723c751e8b465ee728b)  -> (artifact id: '108a296498c99b672b7a144475d6ee41') in 0.026001 seconds
  Import took 0.038157 seconds .

========================================================================
Received Prepare
Registering precompiled user dll's ...
Registered in 0.002502 seconds.
Begin MonoManager ReloadAssembly
Native extension for WindowsStandalone target not found
Native extension for OSXStandalone target not found
Refreshing native plugins compatible for Editor in 0.79 ms, found 0 plugins.
Preloading 0 native plugins for Editor in 0.00 ms.
Mono: successfully reloaded assembly
- Completed reload, in  0.942 seconds
Platform modules already initialized, skipping
Refreshing native plugins compatible for Editor in 0.80 ms, found 0 plugins.
Preloading 0 native plugins for Editor in 0.00 ms.
Unloading 3227 Unused Serialized files (Serialized files now loaded: 0)
System memory in use before: 158.6 MB.
System memory in use after: 158.8 MB.

Unloading 8 unused Assets to reduce memory usage. Loaded Objects now: 3983.
Total: 2.724500 ms (FindLiveObjects: 0.540200 ms CreateObjectMapping: 0.097000 ms MarkObjects: 2.066500 ms  DeleteObjects: 0.019400 ms)

========================================================================
Received Import Request.
  Time since last request: 33506.737056 seconds.
  path: Assets/Scripts/Network/Connection.cs
  artifactKey: Guid(48ec698f8c7707444aadedb5c3fdaf92) Importer(815301076,1909f56bfc062723c751e8b465ee728b)
Start importing Assets/Scripts/Network/Connection.cs using Guid(48ec698f8c7707444aadedb5c3fdaf92) Importer(815301076,1909f56bfc062723c751e8b465ee728b)  -> (artifact id: '9e7adf63aa4b4a4c716774bb21f772ac') in 0.072757 seconds
  Import took 0.214844 seconds .

========================================================================
Received Import Request.
  Time since last request: 1087.562640 seconds.
  path: Assets/Scripts/Network/PacketProcessor.cs
  artifactKey: Guid(4dc939eec3b45e942a52eb6746d07301) Importer(815301076,1909f56bfc062723c751e8b465ee728b)
Start importing Assets/Scripts/Network/PacketProcessor.cs using Guid(4dc939eec3b45e942a52eb6746d07301) Importer(815301076,1909f56bfc062723c751e8b465ee728b)  -> (artifact id: 'c0e3da09ec2a2d1a23468a8eacc6253c') in 0.002825 seconds
  Import took 0.022093 seconds .

========================================================================
Received Import Request.
  Time since last request: 61.262054 seconds.
  path: Assets/Scripts/UI/Login/LoginButtons.cs
  artifactKey: Guid(fe6f9ee907fd4e2439dd0f331798e637) Importer(815301076,1909f56bfc062723c751e8b465ee728b)
Start importing Assets/Scripts/UI/Login/LoginButtons.cs using Guid(fe6f9ee907fd4e2439dd0f331798e637) Importer(815301076,1909f56bfc062723c751e8b465ee728b)  -> (artifact id: '0459421058f889b2b7da611a6bf29c34') in 0.011949 seconds
  Import took 0.028089 seconds .

========================================================================
Received Import Request.
  Time since last request: 1396.327520 seconds.
  path: Assets/Scripts/UI/Login/LoginButtons.cs
  artifactKey: Guid(fe6f9ee907fd4e2439dd0f331798e637) Importer(815301076,1909f56bfc062723c751e8b465ee728b)
Start importing Assets/Scripts/UI/Login/LoginButtons.cs using Guid(fe6f9ee907fd4e2439dd0f331798e637) Importer(815301076,1909f56bfc062723c751e8b465ee728b)  -> (artifact id: '13484d8694234e25d0c77c0051fe7194') in 0.002582 seconds
  Import took 0.024908 seconds .

AssetImportWorkerClient::OnTransportError - code=2 error=End of file
