Using pre-set license
Built from '2020.3/staging' branch; Version is '2020.3.6f1 (338bb68529b2) revision 3378102'; Using compiler version '192528614'; Build Type 'Release'
OS: 'Windows 10 Home; OS build 19042.1052; Version 2009; 64bit' Language: 'en' Physical Memory: 16307 MB
BatchMode: 1, IsHumanControllingUs: 0, StartBugReporterOnCrash: 0, Is64bit: 1, IsPro: 0

 COMMAND LINE ARGUMENTS:
C:\Program Files\Unity\Hub\Editor\2020.3.6f1\Editor\Unity.exe
-adb2
-batchMode
-noUpm
-name
AssetImportWorker0
-projectPath
D:/Documents/FINAL AISLE/Unity Workspace/Final Aisle
-logFile
Logs/AssetImportWorker0.log
-srvPort
56624
Successfully changed project path to: D:/Documents/FINAL AISLE/Unity Workspace/Final Aisle
D:/Documents/FINAL AISLE/Unity Workspace/Final Aisle
Using Asset Import Pipeline V2.
Refreshing native plugins compatible for Editor in 67.79 ms, found 0 plugins.
Preloading 0 native plugins for Editor in 0.00 ms.
Initialize engine version: 2020.3.6f1 (338bb68529b2)
[Subsystems] Discovering subsystems at path C:/Program Files/Unity/Hub/Editor/2020.3.6f1/Editor/Data/Resources/UnitySubsystems
[Subsystems] Discovering subsystems at path D:/Documents/FINAL AISLE/Unity Workspace/Final Aisle/Assets
GfxDevice: creating device client; threaded=0
Direct3D:
    Version:  Direct3D 11.0 [level 11.1]
    Renderer: NVIDIA GeForce GTX 1660 Ti (ID=0x2182)
    Vendor:   
    VRAM:     5991 MB
    Driver:   27.21.14.5671
Initialize mono
Mono path[0] = 'C:/Program Files/Unity/Hub/Editor/2020.3.6f1/Editor/Data/Managed'
Mono path[1] = 'C:/Program Files/Unity/Hub/Editor/2020.3.6f1/Editor/Data/MonoBleedingEdge/lib/mono/unityjit'
Mono config path = 'C:/Program Files/Unity/Hub/Editor/2020.3.6f1/Editor/Data/MonoBleedingEdge/etc'
Using monoOptions --debugger-agent=transport=dt_socket,embedding=1,server=y,suspend=n,address=127.0.0.1:56532
Begin MonoManager ReloadAssembly
Registering precompiled unity dll's ...
Register platform support module: C:/Program Files/Unity/Hub/Editor/2020.3.6f1/Editor/Data/PlaybackEngines/MacStandaloneSupport/UnityEditor.OSXStandalone.Extensions.dll
Register platform support module: C:/Program Files/Unity/Hub/Editor/2020.3.6f1/Editor/Data/PlaybackEngines/WindowsStandaloneSupport/UnityEditor.WindowsStandalone.Extensions.dll
Registered in 0.003096 seconds.
Native extension for WindowsStandalone target not found
Native extension for OSXStandalone target not found
Refreshing native plugins compatible for Editor in 63.81 ms, found 0 plugins.
Preloading 0 native plugins for Editor in 0.00 ms.
Mono: successfully reloaded assembly
- Completed reload, in  1.281 seconds
Platform modules already initialized, skipping
Registering precompiled user dll's ...
Registered in 0.001978 seconds.
Begin MonoManager ReloadAssembly
Native extension for WindowsStandalone target not found
Native extension for OSXStandalone target not found
Refreshing native plugins compatible for Editor in 67.30 ms, found 0 plugins.
Preloading 0 native plugins for Editor in 0.00 ms.
Mono: successfully reloaded assembly
- Completed reload, in  1.262 seconds
Platform modules already initialized, skipping
========================================================================
Worker process is ready to serve import requests
Launched and connected shader compiler UnityShaderCompiler.exe after 0.06 seconds
Refreshing native plugins compatible for Editor in 1.09 ms, found 0 plugins.
Preloading 0 native plugins for Editor in 0.00 ms.
Unloading 3513 Unused Serialized files (Serialized files now loaded: 0)
System memory in use before: 173.6 MB.
System memory in use after: 173.8 MB.

Unloading 13 unused Assets to reduce memory usage. Loaded Objects now: 3980.
Total: 4.950800 ms (FindLiveObjects: 1.505000 ms CreateObjectMapping: 0.169600 ms MarkObjects: 3.188700 ms  DeleteObjects: 0.085600 ms)

========================================================================
Received Import Request.
  path: Assets/Scripts/Entities/Player/PlayerController.cs
  artifactKey: Guid(a50b100247e90e84aa2c917dd2cadc5b) Importer(815301076,1909f56bfc062723c751e8b465ee728b)
Start importing Assets/Scripts/Entities/Player/PlayerController.cs using Guid(a50b100247e90e84aa2c917dd2cadc5b) Importer(815301076,1909f56bfc062723c751e8b465ee728b)  -> (artifact id: '6f43560806214a8f7f8b6ab797c47077') in 0.030423 seconds
  Import took 0.037928 seconds .

========================================================================
Received Import Request.
  Time since last request: 0.008407 seconds.
  path: Assets/Scripts/Entities/Player/PlayerController.cs
  artifactKey: Guid(a50b100247e90e84aa2c917dd2cadc5b) Importer(815301076,1909f56bfc062723c751e8b465ee728b)
Start importing Assets/Scripts/Entities/Player/PlayerController.cs using Guid(a50b100247e90e84aa2c917dd2cadc5b) Importer(815301076,1909f56bfc062723c751e8b465ee728b)  -> (artifact id: '6f43560806214a8f7f8b6ab797c47077') in 0.001863 seconds
  Import took 0.008170 seconds .

========================================================================
Received Import Request.
  Time since last request: 4.325203 seconds.
  path: Assets/Scripts/Entities/Player/PlayerController.cs
  artifactKey: Guid(a50b100247e90e84aa2c917dd2cadc5b) Importer(815301076,1909f56bfc062723c751e8b465ee728b)
Start importing Assets/Scripts/Entities/Player/PlayerController.cs using Guid(a50b100247e90e84aa2c917dd2cadc5b) Importer(815301076,1909f56bfc062723c751e8b465ee728b)  -> (artifact id: 'bdde93f826320fe54c88977d920df808') in 0.002158 seconds
  Import took 0.015313 seconds .

========================================================================
Received Import Request.
  Time since last request: 0.013389 seconds.
  path: Assets/Scripts/Entities/Player/PlayerController.cs
  artifactKey: Guid(a50b100247e90e84aa2c917dd2cadc5b) Importer(815301076,1909f56bfc062723c751e8b465ee728b)
Start importing Assets/Scripts/Entities/Player/PlayerController.cs using Guid(a50b100247e90e84aa2c917dd2cadc5b) Importer(815301076,1909f56bfc062723c751e8b465ee728b)  -> (artifact id: 'bdde93f826320fe54c88977d920df808') in 0.002340 seconds
  Import took 0.009371 seconds .

========================================================================
Received Import Request.
  Time since last request: 113.626381 seconds.
  path: Assets/Scripts/Entities/Player/PlayerController.cs
  artifactKey: Guid(a50b100247e90e84aa2c917dd2cadc5b) Importer(815301076,1909f56bfc062723c751e8b465ee728b)
Start importing Assets/Scripts/Entities/Player/PlayerController.cs using Guid(a50b100247e90e84aa2c917dd2cadc5b) Importer(815301076,1909f56bfc062723c751e8b465ee728b)  -> (artifact id: 'f611473a4f3522dd36a88d1caef5b29c') in 0.002008 seconds
  Import took 0.008441 seconds .

========================================================================
Received Import Request.
  Time since last request: 0.031065 seconds.
  path: Assets/Scripts/Entities/Player/PlayerController.cs
  artifactKey: Guid(a50b100247e90e84aa2c917dd2cadc5b) Importer(815301076,1909f56bfc062723c751e8b465ee728b)
Start importing Assets/Scripts/Entities/Player/PlayerController.cs using Guid(a50b100247e90e84aa2c917dd2cadc5b) Importer(815301076,1909f56bfc062723c751e8b465ee728b)  -> (artifact id: 'f611473a4f3522dd36a88d1caef5b29c') in 0.019194 seconds
  Import took 0.027181 seconds .

========================================================================
Received Import Request.
  Time since last request: 5.638728 seconds.
  path: Assets/Scripts/Entities/Player/PlayerController.cs
  artifactKey: Guid(a50b100247e90e84aa2c917dd2cadc5b) Importer(815301076,1909f56bfc062723c751e8b465ee728b)
Start importing Assets/Scripts/Entities/Player/PlayerController.cs using Guid(a50b100247e90e84aa2c917dd2cadc5b) Importer(815301076,1909f56bfc062723c751e8b465ee728b)  -> (artifact id: '54e223f4a816e8bb8ad5226ff3b03cfb') in 0.001924 seconds
  Import took 0.007585 seconds .

========================================================================
Received Import Request.
  Time since last request: 0.018833 seconds.
  path: Assets/Scripts/Entities/Player/PlayerController.cs
  artifactKey: Guid(a50b100247e90e84aa2c917dd2cadc5b) Importer(815301076,1909f56bfc062723c751e8b465ee728b)
Start importing Assets/Scripts/Entities/Player/PlayerController.cs using Guid(a50b100247e90e84aa2c917dd2cadc5b) Importer(815301076,1909f56bfc062723c751e8b465ee728b)  -> (artifact id: '54e223f4a816e8bb8ad5226ff3b03cfb') in 0.002065 seconds
  Import took 0.008105 seconds .

========================================================================
Received Prepare
Registering precompiled user dll's ...
Registered in 0.001924 seconds.
Begin MonoManager ReloadAssembly
Native extension for WindowsStandalone target not found
Native extension for OSXStandalone target not found
Refreshing native plugins compatible for Editor in 1.11 ms, found 0 plugins.
Preloading 0 native plugins for Editor in 0.00 ms.
Mono: successfully reloaded assembly
- Completed reload, in  0.926 seconds
Platform modules already initialized, skipping
Refreshing native plugins compatible for Editor in 0.77 ms, found 0 plugins.
Preloading 0 native plugins for Editor in 0.00 ms.
Unloading 3227 Unused Serialized files (Serialized files now loaded: 0)
System memory in use before: 158.6 MB.
System memory in use after: 158.8 MB.

Unloading 8 unused Assets to reduce memory usage. Loaded Objects now: 3983.
Total: 3.216700 ms (FindLiveObjects: 0.786300 ms CreateObjectMapping: 0.094100 ms MarkObjects: 2.314000 ms  DeleteObjects: 0.021300 ms)

========================================================================
Received Prepare
Registering precompiled user dll's ...
Registered in 0.001920 seconds.
Begin MonoManager ReloadAssembly
Native extension for WindowsStandalone target not found
Native extension for OSXStandalone target not found
Refreshing native plugins compatible for Editor in 0.73 ms, found 0 plugins.
Preloading 0 native plugins for Editor in 0.00 ms.
Mono: successfully reloaded assembly
- Completed reload, in  0.901 seconds
Platform modules already initialized, skipping
Refreshing native plugins compatible for Editor in 1.26 ms, found 0 plugins.
Preloading 0 native plugins for Editor in 0.00 ms.
Unloading 3227 Unused Serialized files (Serialized files now loaded: 0)
System memory in use before: 158.7 MB.
System memory in use after: 158.9 MB.

Unloading 8 unused Assets to reduce memory usage. Loaded Objects now: 3986.
Total: 2.923700 ms (FindLiveObjects: 0.434700 ms CreateObjectMapping: 0.091800 ms MarkObjects: 2.372600 ms  DeleteObjects: 0.023100 ms)

========================================================================
Received Import Request.
  Time since last request: 265.944853 seconds.
  path: Assets/Scripts/Entities/Player/PlayerController.cs
  artifactKey: Guid(a50b100247e90e84aa2c917dd2cadc5b) Importer(815301076,1909f56bfc062723c751e8b465ee728b)
Start importing Assets/Scripts/Entities/Player/PlayerController.cs using Guid(a50b100247e90e84aa2c917dd2cadc5b) Importer(815301076,1909f56bfc062723c751e8b465ee728b)  -> (artifact id: '237b0626f2d3c49254217954b2911fa0') in 0.006371 seconds
  Import took 0.012120 seconds .

========================================================================
Received Prepare
Registering precompiled user dll's ...
Registered in 0.001826 seconds.
Begin MonoManager ReloadAssembly
Native extension for WindowsStandalone target not found
Native extension for OSXStandalone target not found
Refreshing native plugins compatible for Editor in 0.73 ms, found 0 plugins.
Preloading 0 native plugins for Editor in 0.00 ms.
Mono: successfully reloaded assembly
- Completed reload, in  0.899 seconds
Platform modules already initialized, skipping
Refreshing native plugins compatible for Editor in 0.76 ms, found 0 plugins.
Preloading 0 native plugins for Editor in 0.00 ms.
Unloading 3227 Unused Serialized files (Serialized files now loaded: 0)
System memory in use before: 158.7 MB.
System memory in use after: 158.9 MB.

Unloading 8 unused Assets to reduce memory usage. Loaded Objects now: 3989.
Total: 3.090500 ms (FindLiveObjects: 0.814500 ms CreateObjectMapping: 0.125900 ms MarkObjects: 2.129100 ms  DeleteObjects: 0.018700 ms)

========================================================================
Received Prepare
Registering precompiled user dll's ...
Registered in 0.001972 seconds.
Begin MonoManager ReloadAssembly
Native extension for WindowsStandalone target not found
Native extension for OSXStandalone target not found
Refreshing native plugins compatible for Editor in 0.75 ms, found 0 plugins.
Preloading 0 native plugins for Editor in 0.00 ms.
Mono: successfully reloaded assembly
- Completed reload, in  0.875 seconds
Platform modules already initialized, skipping
Refreshing native plugins compatible for Editor in 0.74 ms, found 0 plugins.
Preloading 0 native plugins for Editor in 0.00 ms.
Unloading 3227 Unused Serialized files (Serialized files now loaded: 0)
System memory in use before: 158.7 MB.
System memory in use after: 158.9 MB.

Unloading 8 unused Assets to reduce memory usage. Loaded Objects now: 3992.
Total: 2.965600 ms (FindLiveObjects: 0.418500 ms CreateObjectMapping: 0.098800 ms MarkObjects: 2.432000 ms  DeleteObjects: 0.014900 ms)

========================================================================
Received Prepare
Registering precompiled user dll's ...
Registered in 0.002145 seconds.
Begin MonoManager ReloadAssembly
Native extension for WindowsStandalone target not found
Native extension for OSXStandalone target not found
Refreshing native plugins compatible for Editor in 0.73 ms, found 0 plugins.
Preloading 0 native plugins for Editor in 0.00 ms.
Mono: successfully reloaded assembly
- Completed reload, in  0.880 seconds
Platform modules already initialized, skipping
Refreshing native plugins compatible for Editor in 0.79 ms, found 0 plugins.
Preloading 0 native plugins for Editor in 0.00 ms.
Unloading 3227 Unused Serialized files (Serialized files now loaded: 0)
System memory in use before: 158.7 MB.
System memory in use after: 159.0 MB.

Unloading 8 unused Assets to reduce memory usage. Loaded Objects now: 3995.
Total: 2.843600 ms (FindLiveObjects: 0.445900 ms CreateObjectMapping: 0.096700 ms MarkObjects: 2.280900 ms  DeleteObjects: 0.018600 ms)

========================================================================
Received Import Request.
  Time since last request: 1724.431438 seconds.
  path: Assets/Animations/Entities/PlayerAnimation.controller
  artifactKey: Guid(5cdbe60bbf052704fbc4a08cf4c14539) Importer(815301076,1909f56bfc062723c751e8b465ee728b)
Start importing Assets/Animations/Entities/PlayerAnimation.controller using Guid(5cdbe60bbf052704fbc4a08cf4c14539) Importer(815301076,1909f56bfc062723c751e8b465ee728b)  -> (artifact id: 'c48bf8b779611a3a5d85b50ab90befa2') in 0.021418 seconds
  Import took 0.028589 seconds .

========================================================================
Received Prepare
Registering precompiled user dll's ...
Registered in 0.001848 seconds.
Begin MonoManager ReloadAssembly
Native extension for WindowsStandalone target not found
Native extension for OSXStandalone target not found
Refreshing native plugins compatible for Editor in 0.79 ms, found 0 plugins.
Preloading 0 native plugins for Editor in 0.00 ms.
Mono: successfully reloaded assembly
- Completed reload, in  0.917 seconds
Platform modules already initialized, skipping
Refreshing native plugins compatible for Editor in 0.81 ms, found 0 plugins.
Preloading 0 native plugins for Editor in 0.00 ms.
Unloading 3227 Unused Serialized files (Serialized files now loaded: 0)
System memory in use before: 158.7 MB.
System memory in use after: 159.0 MB.

Unloading 8 unused Assets to reduce memory usage. Loaded Objects now: 3998.
Total: 3.550400 ms (FindLiveObjects: 0.727700 ms CreateObjectMapping: 0.210100 ms MarkObjects: 2.593900 ms  DeleteObjects: 0.017900 ms)

========================================================================
Received Prepare
Registering precompiled user dll's ...
Registered in 0.001806 seconds.
Begin MonoManager ReloadAssembly
Native extension for WindowsStandalone target not found
Native extension for OSXStandalone target not found
Refreshing native plugins compatible for Editor in 0.76 ms, found 0 plugins.
Preloading 0 native plugins for Editor in 0.00 ms.
Mono: successfully reloaded assembly
- Completed reload, in  0.889 seconds
Platform modules already initialized, skipping
Refreshing native plugins compatible for Editor in 0.78 ms, found 0 plugins.
Preloading 0 native plugins for Editor in 0.00 ms.
Unloading 3227 Unused Serialized files (Serialized files now loaded: 0)
System memory in use before: 158.7 MB.
System memory in use after: 159.0 MB.

Unloading 8 unused Assets to reduce memory usage. Loaded Objects now: 4001.
Total: 3.136800 ms (FindLiveObjects: 0.801500 ms CreateObjectMapping: 0.096200 ms MarkObjects: 2.222000 ms  DeleteObjects: 0.015300 ms)

========================================================================
Received Prepare
Registering precompiled user dll's ...
Registered in 0.002130 seconds.
Begin MonoManager ReloadAssembly
Native extension for WindowsStandalone target not found
Native extension for OSXStandalone target not found
Refreshing native plugins compatible for Editor in 0.76 ms, found 0 plugins.
Preloading 0 native plugins for Editor in 0.00 ms.
Mono: successfully reloaded assembly
- Completed reload, in  0.977 seconds
Platform modules already initialized, skipping
Refreshing native plugins compatible for Editor in 0.89 ms, found 0 plugins.
Preloading 0 native plugins for Editor in 0.00 ms.
Unloading 3227 Unused Serialized files (Serialized files now loaded: 0)
System memory in use before: 158.8 MB.
System memory in use after: 159.0 MB.

Unloading 8 unused Assets to reduce memory usage. Loaded Objects now: 4004.
Total: 3.528500 ms (FindLiveObjects: 0.655800 ms CreateObjectMapping: 0.102200 ms MarkObjects: 2.750100 ms  DeleteObjects: 0.019200 ms)

========================================================================
Received Prepare
Registering precompiled user dll's ...
Registered in 0.002096 seconds.
Begin MonoManager ReloadAssembly
Native extension for WindowsStandalone target not found
Native extension for OSXStandalone target not found
Refreshing native plugins compatible for Editor in 0.74 ms, found 0 plugins.
Preloading 0 native plugins for Editor in 0.00 ms.
Mono: successfully reloaded assembly
- Completed reload, in  0.880 seconds
Platform modules already initialized, skipping
Refreshing native plugins compatible for Editor in 0.75 ms, found 0 plugins.
Preloading 0 native plugins for Editor in 0.00 ms.
Unloading 3227 Unused Serialized files (Serialized files now loaded: 0)
System memory in use before: 158.8 MB.
System memory in use after: 159.0 MB.

Unloading 8 unused Assets to reduce memory usage. Loaded Objects now: 4007.
Total: 3.395600 ms (FindLiveObjects: 0.956800 ms CreateObjectMapping: 0.106000 ms MarkObjects: 2.298000 ms  DeleteObjects: 0.033600 ms)

========================================================================
Received Prepare
Registering precompiled user dll's ...
Registered in 0.001842 seconds.
Begin MonoManager ReloadAssembly
Native extension for WindowsStandalone target not found
Native extension for OSXStandalone target not found
Refreshing native plugins compatible for Editor in 0.73 ms, found 0 plugins.
Preloading 0 native plugins for Editor in 0.00 ms.
Mono: successfully reloaded assembly
- Completed reload, in  0.865 seconds
Platform modules already initialized, skipping
Refreshing native plugins compatible for Editor in 0.73 ms, found 0 plugins.
Preloading 0 native plugins for Editor in 0.00 ms.
Unloading 3227 Unused Serialized files (Serialized files now loaded: 0)
System memory in use before: 158.8 MB.
System memory in use after: 159.0 MB.

Unloading 8 unused Assets to reduce memory usage. Loaded Objects now: 4010.
Total: 2.701100 ms (FindLiveObjects: 0.502800 ms CreateObjectMapping: 0.099700 ms MarkObjects: 2.083800 ms  DeleteObjects: 0.013700 ms)

========================================================================
Received Prepare
Registering precompiled user dll's ...
Registered in 0.001795 seconds.
Begin MonoManager ReloadAssembly
Native extension for WindowsStandalone target not found
Native extension for OSXStandalone target not found
Refreshing native plugins compatible for Editor in 0.72 ms, found 0 plugins.
Preloading 0 native plugins for Editor in 0.00 ms.
Mono: successfully reloaded assembly
- Completed reload, in  0.871 seconds
Platform modules already initialized, skipping
Refreshing native plugins compatible for Editor in 0.80 ms, found 0 plugins.
Preloading 0 native plugins for Editor in 0.00 ms.
Unloading 3227 Unused Serialized files (Serialized files now loaded: 0)
System memory in use before: 158.8 MB.
System memory in use after: 159.0 MB.

Unloading 8 unused Assets to reduce memory usage. Loaded Objects now: 4013.
Total: 4.227100 ms (FindLiveObjects: 0.713200 ms CreateObjectMapping: 0.267100 ms MarkObjects: 3.223200 ms  DeleteObjects: 0.022600 ms)

========================================================================
Received Prepare
Registering precompiled user dll's ...
Registered in 0.002305 seconds.
Begin MonoManager ReloadAssembly
Native extension for WindowsStandalone target not found
Native extension for OSXStandalone target not found
Refreshing native plugins compatible for Editor in 0.80 ms, found 0 plugins.
Preloading 0 native plugins for Editor in 0.00 ms.
Mono: successfully reloaded assembly
- Completed reload, in  0.948 seconds
Platform modules already initialized, skipping
Refreshing native plugins compatible for Editor in 1.14 ms, found 0 plugins.
Preloading 0 native plugins for Editor in 0.00 ms.
Unloading 3227 Unused Serialized files (Serialized files now loaded: 0)
System memory in use before: 158.8 MB.
System memory in use after: 159.0 MB.

Unloading 8 unused Assets to reduce memory usage. Loaded Objects now: 4016.
Total: 3.837800 ms (FindLiveObjects: 0.877400 ms CreateObjectMapping: 0.096500 ms MarkObjects: 2.840100 ms  DeleteObjects: 0.021700 ms)

========================================================================
Received Import Request.
  Time since last request: 551.339119 seconds.
  path: Assets/Animations/Entities/PlayerAnimation.controller
  artifactKey: Guid(5cdbe60bbf052704fbc4a08cf4c14539) Importer(815301076,1909f56bfc062723c751e8b465ee728b)
Start importing Assets/Animations/Entities/PlayerAnimation.controller using Guid(5cdbe60bbf052704fbc4a08cf4c14539) Importer(815301076,1909f56bfc062723c751e8b465ee728b)  -> (artifact id: '977240f91f702e460b6f1bf038378813') in 0.025012 seconds
  Import took 0.032040 seconds .

========================================================================
Received Prepare
Registering precompiled user dll's ...
Registered in 0.001595 seconds.
Begin MonoManager ReloadAssembly
Native extension for WindowsStandalone target not found
Native extension for OSXStandalone target not found
Refreshing native plugins compatible for Editor in 0.73 ms, found 0 plugins.
Preloading 0 native plugins for Editor in 0.00 ms.
Mono: successfully reloaded assembly
- Completed reload, in  0.870 seconds
Platform modules already initialized, skipping
Refreshing native plugins compatible for Editor in 0.76 ms, found 0 plugins.
Preloading 0 native plugins for Editor in 0.00 ms.
Unloading 3227 Unused Serialized files (Serialized files now loaded: 0)
System memory in use before: 158.8 MB.
System memory in use after: 159.0 MB.

Unloading 8 unused Assets to reduce memory usage. Loaded Objects now: 4019.
Total: 3.010700 ms (FindLiveObjects: 0.520300 ms CreateObjectMapping: 0.104200 ms MarkObjects: 2.370300 ms  DeleteObjects: 0.014700 ms)

========================================================================
Received Import Request.
  Time since last request: 9.312412 seconds.
  path: Assets/Animations/Entities/PlayerAnimation.controller
  artifactKey: Guid(5cdbe60bbf052704fbc4a08cf4c14539) Importer(815301076,1909f56bfc062723c751e8b465ee728b)
Start importing Assets/Animations/Entities/PlayerAnimation.controller using Guid(5cdbe60bbf052704fbc4a08cf4c14539) Importer(815301076,1909f56bfc062723c751e8b465ee728b)  -> (artifact id: '2654a191e4516835dfc87f9d11234141') in 0.017718 seconds
  Import took 0.024328 seconds .

========================================================================
Received Prepare
Registering precompiled user dll's ...
Registered in 0.002612 seconds.
Begin MonoManager ReloadAssembly
Native extension for WindowsStandalone target not found
Native extension for OSXStandalone target not found
Refreshing native plugins compatible for Editor in 0.85 ms, found 0 plugins.
Preloading 0 native plugins for Editor in 0.00 ms.
Mono: successfully reloaded assembly
- Completed reload, in  0.883 seconds
Platform modules already initialized, skipping
Refreshing native plugins compatible for Editor in 0.78 ms, found 0 plugins.
Preloading 0 native plugins for Editor in 0.00 ms.
Unloading 3227 Unused Serialized files (Serialized files now loaded: 0)
System memory in use before: 158.8 MB.
System memory in use after: 159.0 MB.

Unloading 8 unused Assets to reduce memory usage. Loaded Objects now: 4022.
Total: 3.355100 ms (FindLiveObjects: 0.719900 ms CreateObjectMapping: 0.105200 ms MarkObjects: 2.509900 ms  DeleteObjects: 0.018300 ms)

========================================================================
Received Prepare
Registering precompiled user dll's ...
Registered in 0.001887 seconds.
Begin MonoManager ReloadAssembly
Native extension for WindowsStandalone target not found
Native extension for OSXStandalone target not found
Refreshing native plugins compatible for Editor in 0.73 ms, found 0 plugins.
Preloading 0 native plugins for Editor in 0.00 ms.
Mono: successfully reloaded assembly
- Completed reload, in  0.876 seconds
Platform modules already initialized, skipping
Refreshing native plugins compatible for Editor in 1.52 ms, found 0 plugins.
Preloading 0 native plugins for Editor in 0.00 ms.
Unloading 3227 Unused Serialized files (Serialized files now loaded: 0)
System memory in use before: 158.8 MB.
System memory in use after: 159.0 MB.

Unloading 8 unused Assets to reduce memory usage. Loaded Objects now: 4025.
Total: 2.858800 ms (FindLiveObjects: 0.535900 ms CreateObjectMapping: 0.105000 ms MarkObjects: 2.201500 ms  DeleteObjects: 0.015100 ms)

========================================================================
Received Prepare
Registering precompiled user dll's ...
Registered in 0.001636 seconds.
Begin MonoManager ReloadAssembly
Native extension for WindowsStandalone target not found
Native extension for OSXStandalone target not found
Refreshing native plugins compatible for Editor in 0.72 ms, found 0 plugins.
Preloading 0 native plugins for Editor in 0.00 ms.
Mono: successfully reloaded assembly
- Completed reload, in  0.884 seconds
Platform modules already initialized, skipping
Refreshing native plugins compatible for Editor in 0.79 ms, found 0 plugins.
Preloading 0 native plugins for Editor in 0.00 ms.
Unloading 3227 Unused Serialized files (Serialized files now loaded: 0)
System memory in use before: 158.8 MB.
System memory in use after: 159.0 MB.

Unloading 8 unused Assets to reduce memory usage. Loaded Objects now: 4028.
Total: 3.657400 ms (FindLiveObjects: 0.886800 ms CreateObjectMapping: 0.126500 ms MarkObjects: 2.624200 ms  DeleteObjects: 0.017300 ms)

========================================================================
Received Prepare
Registering precompiled user dll's ...
Registered in 0.002044 seconds.
Begin MonoManager ReloadAssembly
Native extension for WindowsStandalone target not found
Native extension for OSXStandalone target not found
Refreshing native plugins compatible for Editor in 1.08 ms, found 0 plugins.
Preloading 0 native plugins for Editor in 0.00 ms.
Mono: successfully reloaded assembly
- Completed reload, in  0.884 seconds
Platform modules already initialized, skipping
Refreshing native plugins compatible for Editor in 0.74 ms, found 0 plugins.
Preloading 0 native plugins for Editor in 0.00 ms.
Unloading 3227 Unused Serialized files (Serialized files now loaded: 0)
System memory in use before: 158.8 MB.
System memory in use after: 159.1 MB.

Unloading 8 unused Assets to reduce memory usage. Loaded Objects now: 4031.
Total: 3.431000 ms (FindLiveObjects: 0.865500 ms CreateObjectMapping: 0.147900 ms MarkObjects: 2.397700 ms  DeleteObjects: 0.017700 ms)

========================================================================
Received Prepare
Registering precompiled user dll's ...
Registered in 0.001813 seconds.
Begin MonoManager ReloadAssembly
Native extension for WindowsStandalone target not found
Native extension for OSXStandalone target not found
Refreshing native plugins compatible for Editor in 0.73 ms, found 0 plugins.
Preloading 0 native plugins for Editor in 0.00 ms.
Mono: successfully reloaded assembly
- Completed reload, in  0.898 seconds
Platform modules already initialized, skipping
Refreshing native plugins compatible for Editor in 0.82 ms, found 0 plugins.
Preloading 0 native plugins for Editor in 0.00 ms.
Unloading 3227 Unused Serialized files (Serialized files now loaded: 0)
System memory in use before: 158.8 MB.
System memory in use after: 159.1 MB.

Unloading 8 unused Assets to reduce memory usage. Loaded Objects now: 4034.
Total: 3.694100 ms (FindLiveObjects: 0.453300 ms CreateObjectMapping: 0.093900 ms MarkObjects: 3.096000 ms  DeleteObjects: 0.049700 ms)

AssetImportWorkerClient::OnTransportError - code=2 error=End of file
